<?xml version="1.0" encoding="UTF-8"?>
<!-- Generated by org.testng.reporters.JUnitReportReporter -->
<testsuite skipped="0" hostname="Bajrang-PC" name="testCases.LoginTest" tests="8" failures="0" timestamp="30 Jun 2017 18:06:22 GMT" time="429.765" errors="0">
  <testcase name="LoginByValidCredentialsTest" time="170.156" classname="testCases.LoginTest"/>
  <testcase name="LoginByValidCredentialsTest" time="147.029" classname="testCases.LoginTest"/>
  <testcase name="LoginByIncorrectEmailTest" time="24.773" classname="testCases.LoginTest"/>
  <testcase name="LoginByIncorrectEmailTest" time="20.443" classname="testCases.LoginTest"/>
  <testcase name="LoginByIncorrectPasswordTest" time="17.664" classname="testCases.LoginTest"/>
  <testcase name="LoginByIncorrectPasswordTest" time="21.288" classname="testCases.LoginTest"/>
  <testcase name="LoginButtonBeforeCredentialsTest" time="16.533" classname="testCases.LoginTest"/>
  <testcase name="LoginButtonBeforeCredentialsTest" time="11.879" classname="testCases.LoginTest"/>
</testsuite> <!-- testCases.LoginTest -->
