<?xml version="1.0" encoding="UTF-8"?>
<!-- Generated by org.testng.reporters.JUnitReportReporter -->
<testsuite skipped="0" hostname="Bajrang-PC" name="TestNG.DemoTestNGClass" tests="1" failures="0" timestamp="21 Jun 2017 15:24:07 GMT" time="60.706" errors="0">
  <testcase name="f" time="60.706" classname="TestNG.DemoTestNGClass"/>
</testsuite> <!-- TestNG.DemoTestNGClass -->
