<?xml version="1.0" encoding="UTF-8"?>
<!-- Generated by org.testng.reporters.JUnitReportReporter -->
<testsuite skipped="0" hostname="Bajrang-PC" name="testCases.LoginTest" tests="4" failures="0" timestamp="27 Jun 2017 17:47:01 GMT" time="166.939" errors="0">
  <testcase name="LoginByValidCredentialsTest" time="104.333" classname="testCases.LoginTest"/>
  <testcase name="LoginByIncorrectEmailTest" time="21.018" classname="testCases.LoginTest"/>
  <testcase name="LoginByIncorrectPasswordTest" time="22.271" classname="testCases.LoginTest"/>
  <testcase name="LoginButtonBeforeCredentialsTest" time="19.317" classname="testCases.LoginTest"/>
</testsuite> <!-- testCases.LoginTest -->
